30/06/2010 14:27:09 - Starting NControl 1.0.43.0
30/06/2010 14:27:09 - Microsoft Windows NT 6.1.7600.0
30/06/2010 14:27:09 - TV not configured
30/06/2010 14:27:10 - Starting Media DB
30/06/2010 14:27:10 - Next RecordedTV build 30/06/2010 14:27:10
30/06/2010 14:27:10 - Next Music build 30/06/2010 14:27:10
30/06/2010 14:27:10 - Next Picture build 30/06/2010 14:27:10
30/06/2010 14:27:10 - Next Video build 30/06/2010 14:27:10
30/06/2010 14:27:10 - Next Channel build 30/06/2010 14:27:10
30/06/2010 14:27:10 - Server listening on port 9000
30/06/2010 14:27:10 - Server broadcasting on port 9200
30/06/2010 14:34:10 - Rebuilt 1 RecordedTV items in 0.3789063 seconds.  Next build at 30/06/2010 15:04:10
30/06/2010 14:36:38 - Starting NControl 1.0.43.0
30/06/2010 14:36:38 - Microsoft Windows NT 6.1.7600.0
30/06/2010 14:36:38 - TV not configured
30/06/2010 14:36:44 - Starting Media DB
30/06/2010 14:36:44 - Loaded 1 RecordedTV
30/06/2010 14:36:44 - Loaded 0 Music
30/06/2010 14:36:44 - Loaded 0 Pictures
30/06/2010 14:36:44 - Loaded 0 Video
30/06/2010 14:36:44 - Loaded 0 Channels
30/06/2010 14:36:44 - Next RecordedTV build 30/06/2010 15:04:10
30/06/2010 14:36:44 - Next Music build 30/06/2010 14:27:10
30/06/2010 14:36:44 - Next Picture build 30/06/2010 14:27:10
30/06/2010 14:36:44 - Next Video build 30/06/2010 14:27:10
30/06/2010 14:36:44 - Next Channel build 30/06/2010 14:27:10
30/06/2010 14:36:44 - Server listening on port 9000
30/06/2010 14:36:44 - Server broadcasting on port 9200
30/06/2010 14:40:43 - Starting NControl 1.0.43.0
30/06/2010 14:40:43 - Microsoft Windows NT 6.1.7600.0
30/06/2010 14:40:43 - TV not configured
30/06/2010 14:40:45 - Starting Media DB
30/06/2010 14:40:45 - Loaded 1 RecordedTV
30/06/2010 14:40:45 - Loaded 0 Music
30/06/2010 14:40:45 - Loaded 0 Pictures
30/06/2010 14:40:45 - Loaded 0 Video
30/06/2010 14:40:45 - Loaded 0 Channels
30/06/2010 14:40:45 - Next RecordedTV build 30/06/2010 15:04:10
30/06/2010 14:40:45 - Next Music build 30/06/2010 14:27:10
30/06/2010 14:40:45 - Next Picture build 30/06/2010 14:27:10
30/06/2010 14:40:45 - Next Video build 30/06/2010 14:27:10
30/06/2010 14:40:45 - Next Channel build 30/06/2010 14:27:10
30/06/2010 14:40:45 - Server listening on port 9000
30/06/2010 14:40:45 - Server broadcasting on port 9200
30/06/2010 14:44:38 - Starting NControl 1.0.43.0
30/06/2010 14:44:38 - Microsoft Windows NT 6.1.7600.0
30/06/2010 14:44:38 - TV not configured
30/06/2010 14:44:45 - Starting Media DB
30/06/2010 14:44:45 - Loaded 1 RecordedTV
30/06/2010 14:44:45 - Loaded 0 Music
30/06/2010 14:44:45 - Loaded 0 Pictures
30/06/2010 14:44:45 - Loaded 0 Video
30/06/2010 14:44:45 - Loaded 0 Channels
30/06/2010 14:44:45 - Next RecordedTV build 30/06/2010 15:04:10
30/06/2010 14:44:45 - Next Music build 30/06/2010 14:27:10
30/06/2010 14:44:45 - Next Picture build 30/06/2010 14:27:10
30/06/2010 14:44:45 - Next Video build 30/06/2010 14:27:10
30/06/2010 14:44:45 - Next Channel build 30/06/2010 14:27:10
30/06/2010 14:44:45 - Server listening on port 9000
30/06/2010 14:44:45 - Server broadcasting on port 9200
30/06/2010 14:53:40 - Starting NControl 1.0.43.0
30/06/2010 14:53:40 - Microsoft Windows NT 6.1.7600.0
30/06/2010 14:53:40 - TV not configured
30/06/2010 14:53:40 - Starting Media DB
30/06/2010 14:53:40 - Loaded 1 RecordedTV
30/06/2010 14:53:40 - Loaded 0 Music
30/06/2010 14:53:40 - Loaded 0 Pictures
30/06/2010 14:53:41 - Loaded 0 Video
30/06/2010 14:53:41 - Loaded 0 Channels
30/06/2010 14:53:41 - Next RecordedTV build 30/06/2010 15:04:10
30/06/2010 14:53:41 - Next Music build 30/06/2010 14:27:10
30/06/2010 14:53:41 - Next Picture build 30/06/2010 14:27:10
30/06/2010 14:53:41 - Next Video build 30/06/2010 14:27:10
30/06/2010 14:53:41 - Next Channel build 30/06/2010 14:27:10
30/06/2010 14:53:41 - Server listening on port 9000
30/06/2010 14:53:41 - Server broadcasting on port 9200
30/06/2010 14:56:17 - Starting NControl 1.0.43.0
30/06/2010 14:56:17 - Microsoft Windows NT 6.1.7600.0
30/06/2010 14:56:17 - TV not configured
30/06/2010 14:56:19 - Starting Media DB
30/06/2010 14:56:19 - Loaded 1 RecordedTV
30/06/2010 14:56:19 - Loaded 0 Music
30/06/2010 14:56:19 - Loaded 0 Pictures
30/06/2010 14:56:19 - Loaded 0 Video
30/06/2010 14:56:19 - Loaded 0 Channels
30/06/2010 14:56:19 - Next RecordedTV build 30/06/2010 15:04:10
30/06/2010 14:56:19 - Next Music build 30/06/2010 14:27:10
30/06/2010 14:56:19 - Next Picture build 30/06/2010 14:27:10
30/06/2010 14:56:19 - Next Video build 30/06/2010 14:27:10
30/06/2010 14:56:19 - Next Channel build 30/06/2010 14:27:10
30/06/2010 14:56:19 - Server listening on port 9000
30/06/2010 14:56:19 - Server broadcasting on port 9200
30/06/2010 15:01:19 - Starting NControl 1.0.43.0
30/06/2010 15:01:19 - Microsoft Windows NT 6.1.7600.0
30/06/2010 15:01:19 - TV not configured
30/06/2010 15:01:27 - Starting Media DB
30/06/2010 15:01:27 - Loaded 1 RecordedTV
30/06/2010 15:01:27 - Loaded 0 Music
30/06/2010 15:01:27 - Loaded 0 Pictures
30/06/2010 15:01:27 - Loaded 0 Video
30/06/2010 15:01:27 - Loaded 0 Channels
30/06/2010 15:01:27 - Next RecordedTV build 30/06/2010 15:04:10
30/06/2010 15:01:27 - Next Music build 30/06/2010 14:27:10
30/06/2010 15:01:27 - Next Picture build 30/06/2010 14:27:10
30/06/2010 15:01:27 - Next Video build 30/06/2010 14:27:10
30/06/2010 15:01:27 - Next Channel build 30/06/2010 14:27:10
30/06/2010 15:01:27 - Server listening on port 9000
30/06/2010 15:01:27 - Server broadcasting on port 9200
30/06/2010 15:08:49 - Starting NControl 1.0.43.0
30/06/2010 15:08:49 - Microsoft Windows NT 6.1.7600.0
30/06/2010 15:08:49 - TV not configured
30/06/2010 15:08:53 - Starting Media DB
30/06/2010 15:08:53 - Loaded 1 RecordedTV
30/06/2010 15:08:53 - Loaded 0 Music
30/06/2010 15:08:53 - Loaded 0 Pictures
30/06/2010 15:08:53 - Loaded 0 Video
30/06/2010 15:08:53 - Loaded 0 Channels
30/06/2010 15:08:53 - Next RecordedTV build 30/06/2010 15:04:10
30/06/2010 15:08:53 - Next Music build 30/06/2010 14:27:10
30/06/2010 15:08:53 - Next Picture build 30/06/2010 14:27:10
30/06/2010 15:08:53 - Next Video build 30/06/2010 14:27:10
30/06/2010 15:08:53 - Next Channel build 30/06/2010 14:27:10
30/06/2010 15:08:53 - Server listening on port 9000
30/06/2010 15:08:53 - Server broadcasting on port 9200
30/06/2010 15:15:54 - Rebuilt 1 RecordedTV items in 1.1494141 seconds.  Next build at 30/06/2010 15:45:54
30/06/2010 15:38:23 - Starting NControl 1.0.43.0
30/06/2010 15:38:23 - Microsoft Windows NT 6.1.7600.0
30/06/2010 15:38:23 - TV not configured
30/06/2010 15:38:32 - Starting Media DB
30/06/2010 15:38:32 - Loaded 1 RecordedTV
30/06/2010 15:38:32 - Loaded 0 Music
30/06/2010 15:38:32 - Loaded 0 Pictures
30/06/2010 15:38:32 - Loaded 0 Video
30/06/2010 15:38:32 - Loaded 0 Channels
30/06/2010 15:38:32 - Next RecordedTV build 30/06/2010 15:45:54
30/06/2010 15:38:32 - Next Music build 30/06/2010 14:27:10
30/06/2010 15:38:32 - Next Picture build 30/06/2010 14:27:10
30/06/2010 15:38:32 - Next Video build 30/06/2010 14:27:10
30/06/2010 15:38:32 - Next Channel build 30/06/2010 14:27:10
30/06/2010 15:38:32 - Server listening on port 9000
30/06/2010 15:38:32 - Server broadcasting on port 9200
30/06/2010 16:30:01 - Starting NControl 1.0.43.0
30/06/2010 16:30:01 - Microsoft Windows NT 6.1.7600.0
30/06/2010 16:30:02 - TV not configured
30/06/2010 16:30:10 - Starting Media DB
30/06/2010 16:30:11 - Loaded 1 RecordedTV
30/06/2010 16:30:11 - Loaded 0 Music
30/06/2010 16:30:11 - Loaded 0 Pictures
30/06/2010 16:30:11 - Loaded 0 Video
30/06/2010 16:30:11 - Loaded 0 Channels
30/06/2010 16:30:11 - Next RecordedTV build 30/06/2010 15:45:54
30/06/2010 16:30:11 - Next Music build 30/06/2010 14:27:10
30/06/2010 16:30:11 - Next Picture build 30/06/2010 14:27:10
30/06/2010 16:30:11 - Next Video build 30/06/2010 14:27:10
30/06/2010 16:30:11 - Next Channel build 30/06/2010 14:27:10
30/06/2010 16:30:12 - Server listening on port 9000
30/06/2010 16:30:12 - Server broadcasting on port 9200
30/06/2010 16:37:12 - Rebuilt 1 RecordedTV items in 0.8925781 seconds.  Next build at 30/06/2010 17:07:12
30/06/2010 17:08:48 - Starting NControl 1.0.43.0
30/06/2010 17:08:48 - Microsoft Windows NT 6.1.7600.0
30/06/2010 17:08:48 - TV not configured
30/06/2010 17:08:52 - Starting Media DB
30/06/2010 17:08:52 - Loaded 1 RecordedTV
30/06/2010 17:08:52 - Loaded 0 Music
30/06/2010 17:08:52 - Loaded 0 Pictures
30/06/2010 17:08:52 - Loaded 0 Video
30/06/2010 17:08:52 - Loaded 0 Channels
30/06/2010 17:08:52 - Next RecordedTV build 30/06/2010 17:07:12
30/06/2010 17:08:52 - Next Music build 30/06/2010 14:27:10
30/06/2010 17:08:52 - Next Picture build 30/06/2010 14:27:10
30/06/2010 17:08:52 - Next Video build 30/06/2010 14:27:10
30/06/2010 17:08:52 - Next Channel build 30/06/2010 14:27:10
30/06/2010 17:08:52 - Server listening on port 9000
30/06/2010 17:08:52 - Server broadcasting on port 9200
30/06/2010 18:16:18 - Starting NControl 1.0.43.0
30/06/2010 18:16:18 - Microsoft Windows NT 6.1.7600.0
30/06/2010 18:16:18 - TV not configured
30/06/2010 18:16:24 - Starting Media DB
30/06/2010 18:16:24 - Loaded 1 RecordedTV
30/06/2010 18:16:24 - Loaded 0 Music
30/06/2010 18:16:24 - Loaded 0 Pictures
30/06/2010 18:16:24 - Loaded 0 Video
30/06/2010 18:16:24 - Loaded 0 Channels
30/06/2010 18:16:24 - Next RecordedTV build 30/06/2010 17:07:12
30/06/2010 18:16:24 - Next Music build 30/06/2010 14:27:10
30/06/2010 18:16:24 - Next Picture build 30/06/2010 14:27:10
30/06/2010 18:16:24 - Next Video build 30/06/2010 14:27:10
30/06/2010 18:16:24 - Next Channel build 30/06/2010 14:27:10
30/06/2010 18:16:25 - Server listening on port 9000
30/06/2010 18:16:25 - Server broadcasting on port 9200
30/06/2010 18:18:25 - Starting NControl 1.0.43.0
30/06/2010 18:18:25 - Microsoft Windows NT 6.1.7600.0
30/06/2010 18:18:25 - TV not configured
30/06/2010 18:18:29 - Starting Media DB
30/06/2010 18:18:29 - Loaded 1 RecordedTV
30/06/2010 18:18:29 - Loaded 0 Music
30/06/2010 18:18:29 - Loaded 0 Pictures
30/06/2010 18:18:29 - Loaded 0 Video
30/06/2010 18:18:29 - Loaded 0 Channels
30/06/2010 18:18:29 - Next RecordedTV build 30/06/2010 17:07:12
30/06/2010 18:18:29 - Next Music build 30/06/2010 14:27:10
30/06/2010 18:18:29 - Next Picture build 30/06/2010 14:27:10
30/06/2010 18:18:29 - Next Video build 30/06/2010 14:27:10
30/06/2010 18:18:29 - Next Channel build 30/06/2010 14:27:10
30/06/2010 18:18:29 - Server listening on port 9000
30/06/2010 18:18:29 - Server broadcasting on port 9200
30/06/2010 18:23:15 - Starting NControl 1.0.43.0
30/06/2010 18:23:15 - Microsoft Windows NT 6.1.7600.0
30/06/2010 18:23:15 - TV not configured
30/06/2010 18:23:20 - Starting Media DB
30/06/2010 18:23:21 - Loaded 1 RecordedTV
30/06/2010 18:23:21 - Loaded 0 Music
30/06/2010 18:23:21 - Loaded 0 Pictures
30/06/2010 18:23:21 - Loaded 0 Video
30/06/2010 18:23:21 - Loaded 0 Channels
30/06/2010 18:23:21 - Next RecordedTV build 30/06/2010 17:07:12
30/06/2010 18:23:21 - Next Music build 30/06/2010 14:27:10
30/06/2010 18:23:21 - Next Picture build 30/06/2010 14:27:10
30/06/2010 18:23:21 - Next Video build 30/06/2010 14:27:10
30/06/2010 18:23:21 - Next Channel build 30/06/2010 14:27:10
30/06/2010 18:23:24 - Server listening on port 9000
30/06/2010 18:23:24 - Server broadcasting on port 9200
30/06/2010 18:30:21 - Rebuilt 1 RecordedTV items in 0.6972657 seconds.  Next build at 30/06/2010 19:00:21
30/06/2010 18:41:52 - Rebuilt 612 Music items in 570.3427735 seconds.  Next build at 30/07/2010 18:41:52
01/07/2010 11:11:24 - Starting NControl 1.0.43.0
01/07/2010 11:11:24 - Microsoft Windows NT 6.1.7600.0
01/07/2010 11:11:25 - TV not configured
01/07/2010 11:11:27 - Starting Media DB
01/07/2010 11:11:27 - Loaded 1 RecordedTV
01/07/2010 11:11:27 - Loaded 612 Music
01/07/2010 11:11:27 - Loaded 0 Pictures
01/07/2010 11:11:27 - Loaded 0 Video
01/07/2010 11:11:27 - Loaded 0 Channels
01/07/2010 11:11:27 - Next RecordedTV build 30/06/2010 19:00:21
01/07/2010 11:11:27 - Next Music build 30/07/2010 18:41:52
01/07/2010 11:11:27 - Next Picture build 30/06/2010 14:27:10
01/07/2010 11:11:27 - Next Video build 30/06/2010 14:27:10
01/07/2010 11:11:27 - Next Channel build 30/06/2010 14:27:10
01/07/2010 11:11:28 - Server listening on port 9000
01/07/2010 11:11:28 - Server broadcasting on port 9200
01/07/2010 11:20:59 - Starting NControl 1.0.43.0
01/07/2010 11:20:59 - Microsoft Windows NT 6.1.7600.0
01/07/2010 11:21:00 - TV not configured
01/07/2010 11:21:17 - Starting Media DB
01/07/2010 11:21:17 - Loaded 1 RecordedTV
01/07/2010 11:21:17 - Loaded 612 Music
01/07/2010 11:21:17 - Loaded 0 Pictures
01/07/2010 11:21:17 - Loaded 0 Video
01/07/2010 11:21:17 - Loaded 0 Channels
01/07/2010 11:21:17 - Next RecordedTV build 30/06/2010 19:00:21
01/07/2010 11:21:17 - Next Music build 30/07/2010 18:41:52
01/07/2010 11:21:17 - Next Picture build 30/06/2010 14:27:10
01/07/2010 11:21:17 - Next Video build 30/06/2010 14:27:10
01/07/2010 11:21:17 - Next Channel build 30/06/2010 14:27:10
01/07/2010 11:21:18 - Server listening on port 9000
01/07/2010 11:21:18 - Server broadcasting on port 9200
01/07/2010 11:32:57 - Starting NControl 1.0.43.0
01/07/2010 11:32:57 - Microsoft Windows NT 6.1.7600.0
01/07/2010 11:32:57 - TV not configured
01/07/2010 11:33:07 - Starting Media DB
01/07/2010 11:33:07 - Loaded 1 RecordedTV
01/07/2010 11:33:07 - Loaded 612 Music
01/07/2010 11:33:07 - Loaded 0 Pictures
01/07/2010 11:33:07 - Loaded 0 Video
01/07/2010 11:33:07 - Loaded 0 Channels
01/07/2010 11:33:07 - Next RecordedTV build 30/06/2010 19:00:21
01/07/2010 11:33:07 - Next Music build 30/07/2010 18:41:52
01/07/2010 11:33:07 - Next Picture build 30/06/2010 14:27:10
01/07/2010 11:33:07 - Next Video build 30/06/2010 14:27:10
01/07/2010 11:33:07 - Next Channel build 30/06/2010 14:27:10
01/07/2010 11:33:09 - Server listening on port 9000
01/07/2010 11:33:10 - Server broadcasting on port 9200
01/07/2010 11:40:08 - Rebuilt 1 RecordedTV items in 0.7158203 seconds.  Next build at 01/07/2010 12:10:08
01/07/2010 11:42:08 - Rebuilt 1 Picture items in 0.3134766 seconds.  Next build at 09/09/2010 11:42:08
01/07/2010 11:44:34 - Rebuilt 8 Video items in 25.3173828 seconds.  Next build at 10/08/2010 11:44:34
01/07/2010 11:46:34 - Rebuilt 0 Channel items in 0.0878906 seconds.  Next build at 29/09/2010 11:46:34
01/07/2010 12:12:35 - Rebuilt 1 RecordedTV items in 0.383789 seconds.  Next build at 01/07/2010 12:42:35
01/07/2010 12:44:35 - Rebuilt 1 RecordedTV items in 0.2666016 seconds.  Next build at 01/07/2010 13:14:35
01/07/2010 13:16:36 - Rebuilt 1 RecordedTV items in 0.3378906 seconds.  Next build at 01/07/2010 13:46:36
01/07/2010 13:48:37 - Rebuilt 1 RecordedTV items in 0.1875 seconds.  Next build at 01/07/2010 14:18:37
01/07/2010 14:20:38 - Rebuilt 1 RecordedTV items in 0.7880859 seconds.  Next build at 01/07/2010 14:50:38
01/07/2010 14:52:39 - Rebuilt 1 RecordedTV items in 0.3417969 seconds.  Next build at 01/07/2010 15:22:39
01/07/2010 15:24:39 - Rebuilt 1 RecordedTV items in 0.2617187 seconds.  Next build at 01/07/2010 15:54:39
01/07/2010 15:56:39 - Rebuilt 1 RecordedTV items in 0.1953125 seconds.  Next build at 01/07/2010 16:26:39
01/07/2010 18:15:52 - Starting NControl 1.0.43.0
01/07/2010 18:15:52 - Microsoft Windows NT 6.1.7600.0
01/07/2010 18:15:54 - TV not configured
01/07/2010 18:16:16 - Starting Media DB
01/07/2010 18:16:16 - Loaded 1 RecordedTV
01/07/2010 18:16:16 - Loaded 612 Music
01/07/2010 18:16:16 - Loaded 1 Pictures
01/07/2010 18:16:16 - Loaded 8 Video
01/07/2010 18:16:16 - Loaded 0 Channels
01/07/2010 18:16:16 - Next RecordedTV build 01/07/2010 16:26:39
01/07/2010 18:16:16 - Next Music build 30/07/2010 18:41:52
01/07/2010 18:16:16 - Next Picture build 09/09/2010 11:42:08
01/07/2010 18:16:16 - Next Video build 10/08/2010 11:44:34
01/07/2010 18:16:16 - Next Channel build 29/09/2010 11:46:34
01/07/2010 18:16:17 - Server listening on port 9000
01/07/2010 18:16:17 - Server broadcasting on port 9200
01/07/2010 18:22:22 - Starting NControl 1.0.43.0
01/07/2010 18:22:22 - Microsoft Windows NT 6.1.7600.0
01/07/2010 18:22:22 - TV not configured
01/07/2010 18:22:27 - Starting Media DB
01/07/2010 18:22:27 - Loaded 1 RecordedTV
01/07/2010 18:22:27 - Loaded 612 Music
01/07/2010 18:22:27 - Loaded 1 Pictures
01/07/2010 18:22:27 - Loaded 8 Video
01/07/2010 18:22:27 - Loaded 0 Channels
01/07/2010 18:22:27 - Next RecordedTV build 01/07/2010 16:26:39
01/07/2010 18:22:27 - Next Music build 30/07/2010 18:41:52
01/07/2010 18:22:27 - Next Picture build 09/09/2010 11:42:08
01/07/2010 18:22:27 - Next Video build 10/08/2010 11:44:34
01/07/2010 18:22:27 - Next Channel build 29/09/2010 11:46:34
01/07/2010 18:22:27 - Server listening on port 9000
01/07/2010 18:22:27 - Server broadcasting on port 9200
01/07/2010 18:58:49 - Starting NControl 1.0.43.0
01/07/2010 18:58:49 - Microsoft Windows NT 6.1.7600.0
01/07/2010 18:58:49 - TV not configured
01/07/2010 18:58:57 - Starting Media DB
01/07/2010 18:58:57 - Loaded 1 RecordedTV
01/07/2010 18:58:57 - Loaded 612 Music
01/07/2010 18:58:57 - Loaded 1 Pictures
01/07/2010 18:58:57 - Loaded 8 Video
01/07/2010 18:58:57 - Loaded 0 Channels
01/07/2010 18:58:57 - Next RecordedTV build 01/07/2010 16:26:39
01/07/2010 18:58:57 - Next Music build 30/07/2010 18:41:52
01/07/2010 18:58:57 - Next Picture build 09/09/2010 11:42:08
01/07/2010 18:58:57 - Next Video build 10/08/2010 11:44:34
01/07/2010 18:58:57 - Next Channel build 29/09/2010 11:46:34
01/07/2010 18:59:03 - Server listening on port 9000
01/07/2010 18:59:03 - Server broadcasting on port 9200
04/07/2010 18:14:51 - Starting NControl 1.0.43.0
04/07/2010 18:14:51 - Microsoft Windows NT 6.1.7600.0
04/07/2010 18:14:52 - TV not configured
04/07/2010 18:15:24 - Starting Media DB
04/07/2010 18:15:24 - Loaded 1 RecordedTV
04/07/2010 18:15:24 - Loaded 612 Music
04/07/2010 18:15:24 - Loaded 1 Pictures
04/07/2010 18:15:24 - Loaded 8 Video
04/07/2010 18:15:24 - Loaded 0 Channels
04/07/2010 18:15:24 - Next RecordedTV build 01/07/2010 16:26:39
04/07/2010 18:15:24 - Next Music build 30/07/2010 18:41:52
04/07/2010 18:15:24 - Next Picture build 09/09/2010 11:42:08
04/07/2010 18:15:24 - Next Video build 10/08/2010 11:44:34
04/07/2010 18:15:24 - Next Channel build 29/09/2010 11:46:34
04/07/2010 18:15:25 - Server listening on port 9000
04/07/2010 18:15:25 - Server broadcasting on port 9200
05/07/2010 17:31:12 - Starting NControl 1.0.43.0
05/07/2010 17:31:12 - Microsoft Windows NT 6.1.7600.0
05/07/2010 17:31:12 - TV not configured
05/07/2010 17:31:29 - Starting Media DB
05/07/2010 17:31:30 - Loaded 1 RecordedTV
05/07/2010 17:31:30 - Loaded 612 Music
05/07/2010 17:31:30 - Loaded 1 Pictures
05/07/2010 17:31:30 - Loaded 8 Video
05/07/2010 17:31:30 - Loaded 0 Channels
05/07/2010 17:31:30 - Next RecordedTV build 01/07/2010 16:26:39
05/07/2010 17:31:30 - Next Music build 30/07/2010 18:41:52
05/07/2010 17:31:30 - Next Picture build 09/09/2010 11:42:08
05/07/2010 17:31:30 - Next Video build 10/08/2010 11:44:34
05/07/2010 17:31:30 - Next Channel build 29/09/2010 11:46:34
05/07/2010 17:31:31 - Server listening on port 9000
05/07/2010 17:31:31 - Server broadcasting on port 9200
05/07/2010 19:27:12 - Starting NControl 1.0.43.0
05/07/2010 19:27:12 - Microsoft Windows NT 6.1.7600.0
05/07/2010 19:27:12 - TV not configured
06/07/2010 15:51:21 - Starting NControl 1.0.43.0
06/07/2010 15:51:21 - Microsoft Windows NT 6.1.7600.0
06/07/2010 15:51:21 - TV not configured
06/07/2010 15:51:33 - Starting Media DB
06/07/2010 15:51:33 - Loaded 1 RecordedTV
06/07/2010 15:51:34 - Loaded 612 Music
06/07/2010 15:51:34 - Loaded 1 Pictures
06/07/2010 15:51:34 - Loaded 8 Video
06/07/2010 15:51:34 - Loaded 0 Channels
06/07/2010 15:51:34 - Next RecordedTV build 01/07/2010 16:26:39
06/07/2010 15:51:34 - Next Music build 30/07/2010 18:41:52
06/07/2010 15:51:34 - Next Picture build 09/09/2010 11:42:08
06/07/2010 15:51:34 - Next Video build 10/08/2010 11:44:34
06/07/2010 15:51:34 - Next Channel build 29/09/2010 11:46:34
06/07/2010 15:51:34 - Server listening on port 9000
06/07/2010 15:51:34 - Server broadcasting on port 9200
07/07/2010 16:09:39 - Starting NControl 1.0.43.0
07/07/2010 16:09:39 - Microsoft Windows NT 6.1.7600.0
07/07/2010 16:09:39 - TV not configured
07/07/2010 16:09:51 - Starting Media DB
07/07/2010 16:09:51 - Loaded 1 RecordedTV
07/07/2010 16:09:51 - Loaded 612 Music
07/07/2010 16:09:51 - Loaded 1 Pictures
07/07/2010 16:09:51 - Loaded 8 Video
07/07/2010 16:09:51 - Loaded 0 Channels
07/07/2010 16:09:51 - Next RecordedTV build 01/07/2010 16:26:39
07/07/2010 16:09:51 - Next Music build 30/07/2010 18:41:52
07/07/2010 16:09:51 - Next Picture build 09/09/2010 11:42:08
07/07/2010 16:09:51 - Next Video build 10/08/2010 11:44:34
07/07/2010 16:09:51 - Next Channel build 29/09/2010 11:46:34
07/07/2010 16:09:52 - Server listening on port 9000
07/07/2010 16:09:52 - Server broadcasting on port 9200
08/07/2010 13:50:29 - Starting NControl 1.0.43.0
08/07/2010 13:50:29 - Microsoft Windows NT 6.1.7600.0
08/07/2010 13:50:29 - TV not configured
08/07/2010 13:50:40 - Starting Media DB
08/07/2010 13:50:40 - Loaded 1 RecordedTV
08/07/2010 13:50:40 - Loaded 612 Music
08/07/2010 13:50:40 - Loaded 1 Pictures
08/07/2010 13:50:40 - Loaded 8 Video
08/07/2010 13:50:40 - Loaded 0 Channels
08/07/2010 13:50:40 - Next RecordedTV build 01/07/2010 16:26:39
08/07/2010 13:50:40 - Next Music build 30/07/2010 18:41:52
08/07/2010 13:50:40 - Next Picture build 09/09/2010 11:42:08
08/07/2010 13:50:40 - Next Video build 10/08/2010 11:44:34
08/07/2010 13:50:40 - Next Channel build 29/09/2010 11:46:34
08/07/2010 13:50:41 - Server listening on port 9000
08/07/2010 13:50:41 - Server broadcasting on port 9200
08/07/2010 13:56:14 - Starting NControl 1.0.43.0
08/07/2010 13:56:14 - Microsoft Windows NT 6.1.7600.0
08/07/2010 13:56:15 - TV not configured
13/07/2010 21:26:23 - Starting NControl 1.0.43.0
13/07/2010 21:26:23 - Microsoft Windows NT 6.1.7600.0
13/07/2010 21:26:23 - TV not configured
13/07/2010 21:26:32 - Starting Media DB
13/07/2010 21:26:32 - Loaded 1 RecordedTV
13/07/2010 21:26:32 - Loaded 612 Music
13/07/2010 21:26:32 - Loaded 1 Pictures
13/07/2010 21:26:32 - Loaded 8 Video
13/07/2010 21:26:32 - Loaded 0 Channels
13/07/2010 21:26:32 - Next RecordedTV build 01/07/2010 16:26:39
13/07/2010 21:26:32 - Next Music build 30/07/2010 18:41:52
13/07/2010 21:26:32 - Next Picture build 09/09/2010 11:42:08
13/07/2010 21:26:32 - Next Video build 10/08/2010 11:44:34
13/07/2010 21:26:32 - Next Channel build 29/09/2010 11:46:34
13/07/2010 21:26:33 - Server listening on port 9000
13/07/2010 21:26:33 - Server broadcasting on port 9200
15/07/2010 19:57:26 - Starting NControl 1.0.43.0
15/07/2010 19:57:26 - Microsoft Windows NT 6.1.7600.0
15/07/2010 19:57:26 - TV not configured
15/07/2010 19:57:38 - Starting Media DB
15/07/2010 19:57:38 - Loaded 1 RecordedTV
15/07/2010 19:57:38 - Loaded 612 Music
15/07/2010 19:57:38 - Loaded 1 Pictures
15/07/2010 19:57:38 - Loaded 8 Video
15/07/2010 19:57:38 - Loaded 0 Channels
15/07/2010 19:57:38 - Next RecordedTV build 01/07/2010 16:26:39
15/07/2010 19:57:38 - Next Music build 30/07/2010 18:41:52
15/07/2010 19:57:38 - Next Picture build 09/09/2010 11:42:08
15/07/2010 19:57:38 - Next Video build 10/08/2010 11:44:34
15/07/2010 19:57:38 - Next Channel build 29/09/2010 11:46:34
15/07/2010 19:58:16 - Server listening on port 9000
15/07/2010 19:58:16 - Server broadcasting on port 9200
15/07/2010 20:04:38 - Rebuilt 0 RecordedTV items in 0.0449219 seconds.  Next build at 15/07/2010 20:34:38
15/07/2010 20:36:38 - Rebuilt 0 RecordedTV items in 0 seconds.  Next build at 15/07/2010 21:06:38
15/07/2010 21:08:38 - Rebuilt 0 RecordedTV items in 0 seconds.  Next build at 15/07/2010 21:38:38
16/07/2010 21:33:13 - Starting NControl 1.0.43.0
16/07/2010 21:33:13 - Microsoft Windows NT 6.1.7600.0
16/07/2010 21:33:13 - TV not configured
16/07/2010 21:33:25 - Starting Media DB
16/07/2010 21:33:25 - Loaded 0 RecordedTV
16/07/2010 21:33:26 - Loaded 612 Music
16/07/2010 21:33:26 - Loaded 1 Pictures
16/07/2010 21:33:26 - Loaded 8 Video
16/07/2010 21:33:26 - Loaded 0 Channels
16/07/2010 21:33:26 - Next RecordedTV build 15/07/2010 21:38:38
16/07/2010 21:33:26 - Next Music build 30/07/2010 18:41:52
16/07/2010 21:33:26 - Next Picture build 09/09/2010 11:42:08
16/07/2010 21:33:26 - Next Video build 10/08/2010 11:44:34
16/07/2010 21:33:26 - Next Channel build 29/09/2010 11:46:34
16/07/2010 21:33:26 - Server listening on port 9000
16/07/2010 21:33:26 - Server broadcasting on port 9200
24/07/2010 21:13:55 - Starting NControl 1.0.43.0
24/07/2010 21:13:55 - Microsoft Windows NT 6.1.7600.0
24/07/2010 21:13:55 - TV not configured
24/07/2010 21:14:08 - Starting Media DB
24/07/2010 21:14:08 - Loaded 0 RecordedTV
24/07/2010 21:14:08 - Loaded 612 Music
24/07/2010 21:14:08 - Loaded 1 Pictures
24/07/2010 21:14:09 - Loaded 8 Video
24/07/2010 21:14:09 - Loaded 0 Channels
24/07/2010 21:14:09 - Next RecordedTV build 15/07/2010 21:38:38
24/07/2010 21:14:09 - Next Music build 30/07/2010 18:41:52
24/07/2010 21:14:09 - Next Picture build 09/09/2010 11:42:08
24/07/2010 21:14:09 - Next Video build 10/08/2010 11:44:34
24/07/2010 21:14:09 - Next Channel build 29/09/2010 11:46:34
24/07/2010 21:14:09 - Server listening on port 9000
24/07/2010 21:14:09 - Server broadcasting on port 9200
24/07/2010 21:22:10 - Starting NControl 1.0.43.0
24/07/2010 21:22:10 - Microsoft Windows NT 6.1.7600.0
24/07/2010 21:22:10 - TV not configured
24/07/2010 21:22:16 - Starting Media DB
24/07/2010 21:22:16 - Loaded 0 RecordedTV
24/07/2010 21:22:16 - Loaded 612 Music
24/07/2010 21:22:16 - Loaded 1 Pictures
24/07/2010 21:22:16 - Loaded 8 Video
24/07/2010 21:22:16 - Loaded 0 Channels
24/07/2010 21:22:16 - Next RecordedTV build 15/07/2010 21:38:38
24/07/2010 21:22:16 - Next Music build 30/07/2010 18:41:52
24/07/2010 21:22:16 - Next Picture build 09/09/2010 11:42:08
24/07/2010 21:22:16 - Next Video build 10/08/2010 11:44:34
24/07/2010 21:22:16 - Next Channel build 29/09/2010 11:46:34
24/07/2010 21:22:17 - Server listening on port 9000
24/07/2010 21:22:17 - Server broadcasting on port 9200
24/07/2010 21:29:17 - Rebuilt 1 RecordedTV items in 0.7207032 seconds.  Next build at 24/07/2010 21:59:17
25/07/2010 17:28:03 - Starting NControl 1.0.43.0
25/07/2010 17:28:03 - Microsoft Windows NT 6.1.7600.0
25/07/2010 17:28:03 - TV not configured
25/07/2010 17:28:14 - Starting Media DB
25/07/2010 17:28:15 - Loaded 1 RecordedTV
25/07/2010 17:28:15 - Loaded 612 Music
25/07/2010 17:28:15 - Loaded 1 Pictures
25/07/2010 17:28:15 - Loaded 8 Video
25/07/2010 17:28:15 - Loaded 0 Channels
25/07/2010 17:28:15 - Next RecordedTV build 24/07/2010 21:59:17
25/07/2010 17:28:15 - Next Music build 30/07/2010 18:41:52
25/07/2010 17:28:15 - Next Picture build 09/09/2010 11:42:08
25/07/2010 17:28:15 - Next Video build 10/08/2010 11:44:34
25/07/2010 17:28:15 - Next Channel build 29/09/2010 11:46:34
25/07/2010 17:28:16 - Server listening on port 9000
25/07/2010 17:28:16 - Server broadcasting on port 9200
25/07/2010 17:35:15 - Rebuilt 0 RecordedTV items in 0.1015625 seconds.  Next build at 25/07/2010 18:05:15
01/08/2010 20:06:49 - Starting NControl 1.0.43.0
01/08/2010 20:06:49 - Microsoft Windows NT 6.1.7600.0
01/08/2010 20:06:49 - TV not configured
01/08/2010 20:07:00 - Starting Media DB
01/08/2010 20:07:00 - Loaded 0 RecordedTV
01/08/2010 20:07:01 - Loaded 612 Music
01/08/2010 20:07:01 - Loaded 1 Pictures
01/08/2010 20:07:01 - Loaded 8 Video
01/08/2010 20:07:01 - Loaded 0 Channels
01/08/2010 20:07:01 - Next RecordedTV build 25/07/2010 18:05:15
01/08/2010 20:07:01 - Next Music build 30/07/2010 18:41:52
01/08/2010 20:07:01 - Next Picture build 09/09/2010 11:42:08
01/08/2010 20:07:01 - Next Video build 10/08/2010 11:44:34
01/08/2010 20:07:01 - Next Channel build 29/09/2010 11:46:34
01/08/2010 20:07:02 - Server listening on port 9000
01/08/2010 20:07:02 - Server broadcasting on port 9200
01/08/2010 20:14:01 - Rebuilt 0 RecordedTV items in 0.5087891 seconds.  Next build at 01/08/2010 20:44:01
01/08/2010 20:15:52 - Rebuilt 0 Music items in 0.0117187 seconds.  Next build at 31/08/2010 20:15:52
01/08/2010 20:46:52 - Rebuilt 0 RecordedTV items in 0 seconds.  Next build at 01/08/2010 21:16:52
09/08/2010 20:14:28 - Starting NControl 1.0.43.0
09/08/2010 20:14:28 - Microsoft Windows NT 6.1.7600.0
09/08/2010 20:14:29 - TV not configured
09/08/2010 20:14:38 - Starting Media DB
09/08/2010 20:14:38 - Loaded 0 RecordedTV
09/08/2010 20:14:38 - Loaded 0 Music
09/08/2010 20:14:38 - Loaded 1 Pictures
09/08/2010 20:14:38 - Loaded 8 Video
09/08/2010 20:14:38 - Loaded 0 Channels
09/08/2010 20:14:38 - Next RecordedTV build 01/08/2010 21:16:52
09/08/2010 20:14:38 - Next Music build 31/08/2010 20:15:52
09/08/2010 20:14:38 - Next Picture build 09/09/2010 11:42:08
09/08/2010 20:14:38 - Next Video build 10/08/2010 11:44:34
09/08/2010 20:14:38 - Next Channel build 29/09/2010 11:46:34
09/08/2010 20:14:38 - Server listening on port 9000
09/08/2010 20:14:39 - Server broadcasting on port 9200
16/08/2010 14:26:01 - Starting NControl 1.0.43.0
16/08/2010 14:26:01 - Microsoft Windows NT 6.1.7600.0
16/08/2010 14:26:01 - TV not configured
16/08/2010 14:26:10 - Starting Media DB
16/08/2010 14:26:10 - Loaded 0 RecordedTV
16/08/2010 14:26:10 - Loaded 0 Music
16/08/2010 14:26:10 - Loaded 1 Pictures
16/08/2010 14:26:10 - Loaded 8 Video
16/08/2010 14:26:10 - Loaded 0 Channels
16/08/2010 14:26:10 - Next RecordedTV build 01/08/2010 21:16:52
16/08/2010 14:26:10 - Next Music build 31/08/2010 20:15:52
16/08/2010 14:26:10 - Next Picture build 09/09/2010 11:42:08
16/08/2010 14:26:10 - Next Video build 10/08/2010 11:44:34
16/08/2010 14:26:10 - Next Channel build 29/09/2010 11:46:34
16/08/2010 14:26:11 - Server listening on port 9000
16/08/2010 14:26:11 - Server broadcasting on port 9200
17/08/2010 15:59:04 - Starting NControl 1.0.43.0
17/08/2010 15:59:04 - Microsoft Windows NT 6.1.7600.0
17/08/2010 15:59:04 - TV not configured
17/08/2010 15:59:16 - Starting Media DB
17/08/2010 15:59:16 - Loaded 0 RecordedTV
17/08/2010 15:59:16 - Loaded 0 Music
17/08/2010 15:59:16 - Loaded 1 Pictures
17/08/2010 15:59:16 - Loaded 8 Video
17/08/2010 15:59:16 - Loaded 0 Channels
17/08/2010 15:59:16 - Next RecordedTV build 01/08/2010 21:16:52
17/08/2010 15:59:16 - Next Music build 31/08/2010 20:15:52
17/08/2010 15:59:16 - Next Picture build 09/09/2010 11:42:08
17/08/2010 15:59:16 - Next Video build 10/08/2010 11:44:34
17/08/2010 15:59:16 - Next Channel build 29/09/2010 11:46:34
17/08/2010 15:59:16 - Server listening on port 9000
17/08/2010 15:59:16 - Server broadcasting on port 9200
18/08/2010 10:59:08 - Starting NControl 1.0.43.0
18/08/2010 10:59:08 - Microsoft Windows NT 6.1.7600.0
18/08/2010 10:59:08 - TV not configured
18/08/2010 10:59:17 - Starting Media DB
18/08/2010 10:59:17 - Loaded 0 RecordedTV
18/08/2010 10:59:17 - Loaded 0 Music
18/08/2010 10:59:17 - Loaded 1 Pictures
18/08/2010 10:59:18 - Loaded 8 Video
18/08/2010 10:59:18 - Loaded 0 Channels
18/08/2010 10:59:18 - Next RecordedTV build 01/08/2010 21:16:52
18/08/2010 10:59:18 - Next Music build 31/08/2010 20:15:52
18/08/2010 10:59:18 - Next Picture build 09/09/2010 11:42:08
18/08/2010 10:59:18 - Next Video build 10/08/2010 11:44:34
18/08/2010 10:59:18 - Next Channel build 29/09/2010 11:46:34
18/08/2010 10:59:18 - Server listening on port 9000
18/08/2010 10:59:18 - Server broadcasting on port 9200
18/08/2010 18:28:15 - Starting NControl 1.0.43.0
18/08/2010 18:28:15 - Microsoft Windows NT 6.1.7600.0
18/08/2010 18:28:15 - TV not configured
18/08/2010 18:28:25 - Starting Media DB
18/08/2010 18:28:25 - Loaded 0 RecordedTV
18/08/2010 18:28:25 - Loaded 0 Music
18/08/2010 18:28:25 - Loaded 1 Pictures
18/08/2010 18:28:25 - Loaded 8 Video
18/08/2010 18:28:25 - Loaded 0 Channels
18/08/2010 18:28:25 - Next RecordedTV build 01/08/2010 21:16:52
18/08/2010 18:28:25 - Next Music build 31/08/2010 20:15:52
18/08/2010 18:28:25 - Next Picture build 09/09/2010 11:42:08
18/08/2010 18:28:25 - Next Video build 10/08/2010 11:44:34
18/08/2010 18:28:25 - Next Channel build 29/09/2010 11:46:34
18/08/2010 18:28:25 - Server listening on port 9000
18/08/2010 18:28:25 - Server broadcasting on port 9200
18/08/2010 21:11:03 - Starting NControl 1.0.43.0
18/08/2010 21:11:03 - Microsoft Windows NT 6.1.7600.0
18/08/2010 21:11:03 - TV not configured
20/08/2010 19:30:40 - Starting NControl 1.0.43.0
20/08/2010 19:30:40 - Microsoft Windows NT 6.1.7600.0
20/08/2010 19:30:41 - TV not configured
21/08/2010 13:08:42 - Starting NControl 1.0.43.0
21/08/2010 13:08:42 - Microsoft Windows NT 6.1.7600.0
21/08/2010 13:08:42 - TV not configured
21/08/2010 13:09:02 - Starting Media DB
21/08/2010 13:09:02 - Loaded 0 RecordedTV
21/08/2010 13:09:02 - Loaded 0 Music
21/08/2010 13:09:02 - Loaded 1 Pictures
21/08/2010 13:09:02 - Loaded 8 Video
21/08/2010 13:09:02 - Loaded 0 Channels
21/08/2010 13:09:02 - Next RecordedTV build 01/08/2010 21:16:52
21/08/2010 13:09:02 - Next Music build 31/08/2010 20:15:52
21/08/2010 13:09:02 - Next Picture build 09/09/2010 11:42:08
21/08/2010 13:09:02 - Next Video build 10/08/2010 11:44:34
21/08/2010 13:09:02 - Next Channel build 29/09/2010 11:46:34
21/08/2010 13:09:04 - Server listening on port 9000
21/08/2010 13:09:04 - Server broadcasting on port 9200
21/08/2010 21:19:00 - Starting NControl 1.0.43.0
21/08/2010 21:19:00 - Microsoft Windows NT 6.1.7600.0
21/08/2010 21:19:01 - TV not configured
21/08/2010 21:19:31 - Starting Media DB
21/08/2010 21:19:31 - Loaded 0 RecordedTV
21/08/2010 21:19:31 - Loaded 0 Music
21/08/2010 21:19:31 - Loaded 1 Pictures
21/08/2010 21:19:31 - Loaded 8 Video
21/08/2010 21:19:31 - Loaded 0 Channels
21/08/2010 21:19:31 - Next RecordedTV build 01/08/2010 21:16:52
21/08/2010 21:19:31 - Next Music build 31/08/2010 20:15:52
21/08/2010 21:19:31 - Next Picture build 09/09/2010 11:42:08
21/08/2010 21:19:31 - Next Video build 10/08/2010 11:44:34
21/08/2010 21:19:31 - Next Channel build 29/09/2010 11:46:34
21/08/2010 21:19:32 - Server listening on port 9000
21/08/2010 21:19:32 - Server broadcasting on port 9200
21/08/2010 21:26:32 - Rebuilt 1 RecordedTV items in 0.6464844 seconds.  Next build at 21/08/2010 21:56:32
21/08/2010 21:28:41 - Rebuilt 5 Video items in 9.5986328 seconds.  Next build at 30/09/2010 21:28:41
23/08/2010 17:01:31 - Starting NControl 1.0.43.0
23/08/2010 17:01:31 - Microsoft Windows NT 6.1.7600.0
23/08/2010 17:01:31 - TV not configured
23/08/2010 17:01:48 - Starting Media DB
23/08/2010 17:01:48 - Loaded 1 RecordedTV
23/08/2010 17:01:48 - Loaded 0 Music
23/08/2010 17:01:48 - Loaded 1 Pictures
23/08/2010 17:01:48 - Loaded 5 Video
23/08/2010 17:01:48 - Loaded 0 Channels
23/08/2010 17:01:48 - Next RecordedTV build 21/08/2010 21:56:32
23/08/2010 17:01:48 - Next Music build 31/08/2010 20:15:52
23/08/2010 17:01:48 - Next Picture build 09/09/2010 11:42:08
23/08/2010 17:01:48 - Next Video build 30/09/2010 21:28:41
23/08/2010 17:01:48 - Next Channel build 29/09/2010 11:46:34
23/08/2010 17:01:49 - Server listening on port 9000
23/08/2010 17:01:49 - Server broadcasting on port 9200
23/08/2010 18:17:27 - Starting NControl 1.0.43.0
23/08/2010 18:17:27 - Microsoft Windows NT 6.1.7600.0
23/08/2010 18:17:27 - TV not configured
23/08/2010 18:17:51 - Starting Media DB
23/08/2010 18:17:51 - Loaded 1 RecordedTV
23/08/2010 18:17:51 - Loaded 0 Music
23/08/2010 18:17:51 - Loaded 1 Pictures
23/08/2010 18:17:51 - Loaded 5 Video
23/08/2010 18:17:51 - Loaded 0 Channels
23/08/2010 18:17:51 - Next RecordedTV build 21/08/2010 21:56:32
23/08/2010 18:17:51 - Next Music build 31/08/2010 20:15:52
23/08/2010 18:17:51 - Next Picture build 09/09/2010 11:42:08
23/08/2010 18:17:51 - Next Video build 30/09/2010 21:28:41
23/08/2010 18:17:51 - Next Channel build 29/09/2010 11:46:34
23/08/2010 18:17:53 - Server listening on port 9000
23/08/2010 18:17:53 - Server broadcasting on port 9200
23/08/2010 18:24:52 - Rebuilt 1 RecordedTV items in 0.5986329 seconds.  Next build at 23/08/2010 18:54:52
26/08/2010 21:05:25 - Starting NControl 1.0.43.0
26/08/2010 21:05:25 - Microsoft Windows NT 6.1.7600.0
26/08/2010 21:05:25 - TV not configured
26/08/2010 21:05:36 - Starting Media DB
26/08/2010 21:05:36 - Loaded 1 RecordedTV
26/08/2010 21:05:36 - Loaded 0 Music
26/08/2010 21:05:36 - Loaded 1 Pictures
26/08/2010 21:05:36 - Loaded 5 Video
26/08/2010 21:05:36 - Loaded 0 Channels
26/08/2010 21:05:36 - Next RecordedTV build 23/08/2010 18:54:52
26/08/2010 21:05:36 - Next Music build 31/08/2010 20:15:52
26/08/2010 21:05:36 - Next Picture build 09/09/2010 11:42:08
26/08/2010 21:05:36 - Next Video build 30/09/2010 21:28:41
26/08/2010 21:05:36 - Next Channel build 29/09/2010 11:46:34
26/08/2010 21:05:39 - Server listening on port 9000
26/08/2010 21:05:39 - Server broadcasting on port 9200
27/08/2010 17:45:55 - Starting NControl 1.0.43.0
27/08/2010 17:45:55 - Microsoft Windows NT 6.1.7600.0
27/08/2010 17:45:55 - TV not configured
27/08/2010 17:46:05 - Starting Media DB
27/08/2010 17:46:06 - Loaded 1 RecordedTV
27/08/2010 17:46:06 - Loaded 0 Music
27/08/2010 17:46:06 - Loaded 1 Pictures
27/08/2010 17:46:06 - Loaded 5 Video
27/08/2010 17:46:06 - Loaded 0 Channels
27/08/2010 17:46:06 - Next RecordedTV build 23/08/2010 18:54:52
27/08/2010 17:46:06 - Next Music build 31/08/2010 20:15:52
27/08/2010 17:46:06 - Next Picture build 09/09/2010 11:42:08
27/08/2010 17:46:06 - Next Video build 30/09/2010 21:28:41
27/08/2010 17:46:06 - Next Channel build 29/09/2010 11:46:34
27/08/2010 17:46:07 - Server listening on port 9000
27/08/2010 17:46:07 - Server broadcasting on port 9200
27/08/2010 17:53:06 - Rebuilt 0 RecordedTV items in 0.0498047 seconds.  Next build at 27/08/2010 18:23:06
29/08/2010 21:00:08 - Starting NControl 1.0.43.0
29/08/2010 21:00:08 - Microsoft Windows NT 6.1.7600.0
29/08/2010 21:00:09 - TV not configured
29/08/2010 21:00:15 - Starting Media DB
29/08/2010 21:00:15 - Loaded 0 RecordedTV
29/08/2010 21:00:15 - Loaded 0 Music
29/08/2010 21:00:15 - Loaded 1 Pictures
29/08/2010 21:00:15 - Loaded 5 Video
29/08/2010 21:00:15 - Loaded 0 Channels
29/08/2010 21:00:15 - Next RecordedTV build 27/08/2010 18:23:06
29/08/2010 21:00:15 - Next Music build 31/08/2010 20:15:52
29/08/2010 21:00:15 - Next Picture build 09/09/2010 11:42:08
29/08/2010 21:00:15 - Next Video build 30/09/2010 21:28:41
29/08/2010 21:00:15 - Next Channel build 29/09/2010 11:46:34
29/08/2010 21:00:15 - Server listening on port 9000
29/08/2010 21:00:15 - Server broadcasting on port 9200
31/08/2010 10:43:26 - Starting NControl 1.0.43.0
31/08/2010 10:43:26 - Microsoft Windows NT 6.1.7600.0
31/08/2010 10:43:26 - TV not configured
31/08/2010 10:43:53 - Starting Media DB
31/08/2010 10:43:54 - Loaded 0 RecordedTV
31/08/2010 10:43:54 - Loaded 0 Music
31/08/2010 10:43:54 - Loaded 1 Pictures
31/08/2010 10:43:54 - Loaded 5 Video
31/08/2010 10:43:54 - Loaded 0 Channels
31/08/2010 10:43:54 - Next RecordedTV build 27/08/2010 18:23:06
31/08/2010 10:43:54 - Next Music build 31/08/2010 20:15:52
31/08/2010 10:43:54 - Next Picture build 09/09/2010 11:42:08
31/08/2010 10:43:54 - Next Video build 30/09/2010 21:28:41
31/08/2010 10:43:54 - Next Channel build 29/09/2010 11:46:34
31/08/2010 10:43:55 - Server listening on port 9000
31/08/2010 10:43:55 - Server broadcasting on port 9200
31/08/2010 17:17:12 - Starting NControl 1.0.43.0
31/08/2010 17:17:12 - Microsoft Windows NT 6.1.7600.0
31/08/2010 17:17:14 - TV not configured
14/09/2010 20:23:54 - Starting NControl 1.0.43.0
14/09/2010 20:23:54 - Microsoft Windows NT 6.1.7600.0
14/09/2010 20:23:54 - TV not configured
14/09/2010 20:24:05 - Starting Media DB
14/09/2010 20:24:06 - Loaded 0 RecordedTV
14/09/2010 20:24:06 - Loaded 0 Music
14/09/2010 20:24:06 - Loaded 1 Pictures
14/09/2010 20:24:06 - Loaded 5 Video
14/09/2010 20:24:06 - Loaded 0 Channels
14/09/2010 20:24:06 - Next RecordedTV build 27/08/2010 18:23:06
14/09/2010 20:24:06 - Next Music build 31/08/2010 20:15:52
14/09/2010 20:24:06 - Next Picture build 09/09/2010 11:42:08
14/09/2010 20:24:06 - Next Video build 30/09/2010 21:28:41
14/09/2010 20:24:06 - Next Channel build 29/09/2010 11:46:34
14/09/2010 20:24:09 - Server listening on port 9000
14/09/2010 20:24:09 - Server broadcasting on port 9200
14/09/2010 20:30:50 - Rebuilt 0 RecordedTV items in 0.1699219 seconds.  Next build at 14/09/2010 21:00:50
14/09/2010 20:32:50 - Rebuilt 0 Music items in 0.0126953 seconds.  Next build at 14/10/2010 20:32:50
14/09/2010 20:34:50 - Rebuilt 0 Picture items in 0.0634765 seconds.  Next build at 23/11/2010 20:34:50
14/09/2010 21:02:50 - Rebuilt 0 RecordedTV items in 0 seconds.  Next build at 14/09/2010 21:32:50
14/09/2010 21:34:50 - Rebuilt 0 RecordedTV items in 0 seconds.  Next build at 14/09/2010 22:04:50
15/09/2010 18:06:36 - Starting NControl 1.0.43.0
15/09/2010 18:06:36 - Microsoft Windows NT 6.1.7600.0
15/09/2010 18:06:37 - TV not configured
15/09/2010 18:06:48 - Starting Media DB
15/09/2010 18:06:48 - Loaded 0 RecordedTV
15/09/2010 18:06:48 - Loaded 0 Music
15/09/2010 18:06:48 - Loaded 0 Pictures
15/09/2010 18:06:48 - Loaded 5 Video
15/09/2010 18:06:48 - Loaded 0 Channels
15/09/2010 18:06:48 - Next RecordedTV build 14/09/2010 22:04:50
15/09/2010 18:06:48 - Next Music build 14/10/2010 20:32:50
15/09/2010 18:06:48 - Next Picture build 23/11/2010 20:34:50
15/09/2010 18:06:48 - Next Video build 30/09/2010 21:28:41
15/09/2010 18:06:48 - Next Channel build 29/09/2010 11:46:34
15/09/2010 18:06:49 - Server listening on port 9000
15/09/2010 18:06:49 - Server broadcasting on port 9200
15/09/2010 18:50:20 - Starting NControl 1.0.43.0
15/09/2010 18:50:20 - Microsoft Windows NT 6.1.7600.0
15/09/2010 18:50:20 - TV not configured
15/09/2010 18:50:36 - Starting Media DB
15/09/2010 18:50:36 - Loaded 0 RecordedTV
15/09/2010 18:50:36 - Loaded 0 Music
15/09/2010 18:50:36 - Loaded 0 Pictures
15/09/2010 18:50:36 - Loaded 5 Video
15/09/2010 18:50:36 - Loaded 0 Channels
15/09/2010 18:50:36 - Next RecordedTV build 14/09/2010 22:04:50
15/09/2010 18:50:36 - Next Music build 14/10/2010 20:32:50
15/09/2010 18:50:36 - Next Picture build 23/11/2010 20:34:50
15/09/2010 18:50:36 - Next Video build 30/09/2010 21:28:41
15/09/2010 18:50:36 - Next Channel build 29/09/2010 11:46:34
15/09/2010 18:50:38 - Server listening on port 9000
15/09/2010 18:50:38 - Server broadcasting on port 9200
15/09/2010 18:57:36 - Rebuilt 0 RecordedTV items in 0.149414 seconds.  Next build at 15/09/2010 19:27:36
15/09/2010 19:29:37 - Rebuilt 0 RecordedTV items in 0 seconds.  Next build at 15/09/2010 19:59:37
16/09/2010 17:34:01 - Starting NControl 1.0.43.0
16/09/2010 17:34:01 - Microsoft Windows NT 6.1.7600.0
16/09/2010 17:34:01 - TV not configured
16/09/2010 17:34:14 - Starting Media DB
16/09/2010 17:34:15 - Loaded 0 RecordedTV
16/09/2010 17:34:15 - Loaded 0 Music
16/09/2010 17:34:15 - Loaded 0 Pictures
16/09/2010 17:34:15 - Loaded 5 Video
16/09/2010 17:34:15 - Loaded 0 Channels
16/09/2010 17:34:15 - Next RecordedTV build 14/09/2010 22:04:50
16/09/2010 17:34:15 - Next Music build 14/10/2010 20:32:50
16/09/2010 17:34:15 - Next Picture build 23/11/2010 20:34:50
16/09/2010 17:34:15 - Next Video build 30/09/2010 21:28:41
16/09/2010 17:34:15 - Next Channel build 29/09/2010 11:46:34
16/09/2010 17:34:18 - Server listening on port 9000
16/09/2010 17:34:18 - Server broadcasting on port 9200
16/09/2010 17:41:16 - Rebuilt 1 RecordedTV items in 0.8203125 seconds.  Next build at 16/09/2010 18:11:16
16/09/2010 18:13:16 - Rebuilt 1 RecordedTV items in 0.3544921 seconds.  Next build at 16/09/2010 18:43:16
24/09/2010 20:03:03 - Starting NControl 1.0.43.0
24/09/2010 20:03:03 - Microsoft Windows NT 6.1.7600.0
24/09/2010 20:03:03 - TV not configured
24/09/2010 20:03:10 - Starting Media DB
24/09/2010 20:03:10 - Loaded 1 RecordedTV
24/09/2010 20:03:10 - Loaded 0 Music
24/09/2010 20:03:10 - Loaded 0 Pictures
24/09/2010 20:03:11 - Loaded 5 Video
24/09/2010 20:03:11 - Loaded 0 Channels
24/09/2010 20:03:11 - Next RecordedTV build 16/09/2010 18:43:16
24/09/2010 20:03:11 - Next Music build 14/10/2010 20:32:50
24/09/2010 20:03:11 - Next Picture build 23/11/2010 20:34:50
24/09/2010 20:03:11 - Next Video build 30/09/2010 21:28:41
24/09/2010 20:03:11 - Next Channel build 29/09/2010 11:46:34
24/09/2010 20:03:41 - Server listening on port 9000
24/09/2010 20:03:41 - Server broadcasting on port 9200
26/09/2010 14:16:34 - Starting NControl 1.0.43.0
26/09/2010 14:16:34 - Microsoft Windows NT 6.1.7600.0
26/09/2010 14:16:35 - TV not configured
26/09/2010 14:16:42 - Starting Media DB
26/09/2010 14:16:43 - Loaded 1 RecordedTV
26/09/2010 14:16:43 - Loaded 0 Music
26/09/2010 14:16:43 - Loaded 0 Pictures
26/09/2010 14:16:43 - Loaded 5 Video
26/09/2010 14:16:43 - Loaded 0 Channels
26/09/2010 14:16:43 - Next RecordedTV build 16/09/2010 18:43:16
26/09/2010 14:16:43 - Next Music build 14/10/2010 20:32:50
26/09/2010 14:16:43 - Next Picture build 23/11/2010 20:34:50
26/09/2010 14:16:43 - Next Video build 30/09/2010 21:28:41
26/09/2010 14:16:43 - Next Channel build 29/09/2010 11:46:34
26/09/2010 14:16:47 - Server listening on port 9000
26/09/2010 14:16:47 - Server broadcasting on port 9200
01/10/2010 19:46:54 - Starting NControl 1.0.43.0
01/10/2010 19:46:54 - Microsoft Windows NT 6.1.7600.0
01/10/2010 19:46:54 - TV not configured
01/10/2010 19:47:26 - Starting Media DB
01/10/2010 19:47:26 - Loaded 1 RecordedTV
01/10/2010 19:47:26 - Loaded 0 Music
01/10/2010 19:47:26 - Loaded 0 Pictures
01/10/2010 19:47:26 - Loaded 5 Video
01/10/2010 19:47:26 - Loaded 0 Channels
01/10/2010 19:47:26 - Next RecordedTV build 16/09/2010 18:43:16
01/10/2010 19:47:26 - Next Music build 14/10/2010 20:32:50
01/10/2010 19:47:26 - Next Picture build 23/11/2010 20:34:50
01/10/2010 19:47:26 - Next Video build 30/09/2010 21:28:41
01/10/2010 19:47:26 - Next Channel build 29/09/2010 11:46:34
01/10/2010 19:47:29 - Server listening on port 9000
01/10/2010 19:47:29 - Server broadcasting on port 9200
01/10/2010 19:54:27 - Rebuilt 1 RecordedTV items in 0.7988281 seconds.  Next build at 01/10/2010 20:24:27
01/10/2010 19:56:32 - Rebuilt 6 Video items in 5.1337891 seconds.  Next build at 10/11/2010 19:56:32
01/10/2010 19:58:32 - Rebuilt 0 Channel items in 0.2646484 seconds.  Next build at 30/12/2010 19:58:32
01/10/2010 20:26:33 - Rebuilt 1 RecordedTV items in 0.3076172 seconds.  Next build at 01/10/2010 20:56:33
08/10/2010 20:54:51 - Starting NControl 1.0.43.0
08/10/2010 20:54:51 - Microsoft Windows NT 6.1.7600.0
08/10/2010 20:54:51 - TV not configured
08/10/2010 20:55:22 - Starting Media DB
08/10/2010 20:55:22 - Loaded 1 RecordedTV
08/10/2010 20:55:22 - Loaded 0 Music
08/10/2010 20:55:22 - Loaded 0 Pictures
08/10/2010 20:55:22 - Loaded 6 Video
08/10/2010 20:55:22 - Loaded 0 Channels
08/10/2010 20:55:22 - Next RecordedTV build 01/10/2010 20:56:33
08/10/2010 20:55:22 - Next Music build 14/10/2010 20:32:50
08/10/2010 20:55:22 - Next Picture build 23/11/2010 20:34:50
08/10/2010 20:55:22 - Next Video build 10/11/2010 19:56:32
08/10/2010 20:55:22 - Next Channel build 30/12/2010 19:58:32
08/10/2010 20:55:24 - Server listening on port 9000
08/10/2010 20:55:24 - Server broadcasting on port 9200
16/10/2010 17:39:19 - Starting NControl 1.0.43.0
16/10/2010 17:39:19 - Microsoft Windows NT 6.1.7600.0
16/10/2010 17:39:19 - TV not configured
16/10/2010 17:39:45 - Starting Media DB
16/10/2010 17:39:46 - Loaded 1 RecordedTV
16/10/2010 17:39:46 - Loaded 0 Music
16/10/2010 17:39:46 - Loaded 0 Pictures
16/10/2010 17:39:46 - Loaded 6 Video
16/10/2010 17:39:46 - Loaded 0 Channels
16/10/2010 17:39:46 - Next RecordedTV build 01/10/2010 20:56:33
16/10/2010 17:39:46 - Next Music build 14/10/2010 20:32:50
16/10/2010 17:39:46 - Next Picture build 23/11/2010 20:34:50
16/10/2010 17:39:46 - Next Video build 10/11/2010 19:56:32
16/10/2010 17:39:46 - Next Channel build 30/12/2010 19:58:32
16/10/2010 17:39:50 - Server listening on port 9000
16/10/2010 17:39:50 - Server broadcasting on port 9200
16/10/2010 17:51:52 - Starting NControl 1.0.43.0
16/10/2010 17:51:52 - Microsoft Windows NT 6.1.7600.0
16/10/2010 17:51:52 - TV not configured
16/10/2010 17:52:20 - Starting Media DB
16/10/2010 17:52:20 - Loaded 1 RecordedTV
16/10/2010 17:52:20 - Loaded 0 Music
16/10/2010 17:52:20 - Loaded 0 Pictures
16/10/2010 17:52:20 - Loaded 6 Video
16/10/2010 17:52:20 - Loaded 0 Channels
16/10/2010 17:52:20 - Next RecordedTV build 01/10/2010 20:56:33
16/10/2010 17:52:20 - Next Music build 14/10/2010 20:32:50
16/10/2010 17:52:20 - Next Picture build 23/11/2010 20:34:50
16/10/2010 17:52:20 - Next Video build 10/11/2010 19:56:32
16/10/2010 17:52:20 - Next Channel build 30/12/2010 19:58:32
16/10/2010 17:52:22 - Server listening on port 9000
16/10/2010 17:52:22 - Server broadcasting on port 9200
